Log file open, 12/01/16 15:54:18
LogInit:Display: Running engine for game: BuildingEscape
LogPlatformFile: Not using cached read wrapper
LogInit:Display: RandInit(1734465860) SRandInit(1734465860).
LogTaskGraph: Started task graph with 5 named threads and 8 total threads with 1 sets of task threads.
LogStats: Stats thread started at 0.185739
LogPluginManager: Loaded Plugin Paper2D, From C:/Program Files (x86)/Epic Games/4.13/Engine/Plugins/2D/Paper2D/Paper2D.uplugin
LogPluginManager: Loaded Plugin LightPropagationVolume, From C:/Program Files (x86)/Epic Games/4.13/Engine/Plugins/Blendables/LightPropagationVolume/LightPropagationVolume.uplugin
LogPluginManager: Loaded Plugin BlankPlugin, From C:/Program Files (x86)/Epic Games/4.13/Engine/Plugins/Developer/BlankPlugin/BlankPlugin.uplugin
LogPluginManager: Loaded Plugin CodeLiteSourceCodeAccess, From C:/Program Files (x86)/Epic Games/4.13/Engine/Plugins/Developer/CodeLiteSourceCodeAccess/CodeLiteSourceCodeAccess.uplugin
LogPluginManager: Loaded Plugin GitSourceControl, From C:/Program Files (x86)/Epic Games/4.13/Engine/Plugins/Developer/GitSourceControl/GitSourceControl.uplugin
LogPluginManager: Loaded Plugin KDevelopSourceCodeAccess, From C:/Program Files (x86)/Epic Games/4.13/Engine/Plugins/Developer/KDevelopSourceCodeAccess/KDevelopSourceCodeAccess.uplugin
LogPluginManager: Loaded Plugin NullSourceCodeAccess, From C:/Program Files (x86)/Epic Games/4.13/Engine/Plugins/Developer/NullSourceCodeAccess/NullSourceCodeAccess.uplugin
LogPluginManager: Loaded Plugin OneSkyLocalizationService, From C:/Program Files (x86)/Epic Games/4.13/Engine/Plugins/Developer/OneSkyLocalizationService/OneSkyLocalizationService.uplugin
LogPluginManager: Loaded Plugin PerforceSourceControl, From C:/Program Files (x86)/Epic Games/4.13/Engine/Plugins/Developer/PerforceSourceControl/PerforceSourceControl.uplugin
LogPluginManager: Loaded Plugin SubversionSourceControl, From C:/Program Files (x86)/Epic Games/4.13/Engine/Plugins/Developer/SubversionSourceControl/SubversionSourceControl.uplugin
LogPluginManager: Loaded Plugin UObjectPlugin, From C:/Program Files (x86)/Epic Games/4.13/Engine/Plugins/Developer/UObjectPlugin/UObjectPlugin.uplugin
LogPluginManager: Loaded Plugin VisualStudioSourceCodeAccess, From C:/Program Files (x86)/Epic Games/4.13/Engine/Plugins/Developer/VisualStudioSourceCodeAccess/VisualStudioSourceCodeAccess.uplugin
LogPluginManager: Loaded Plugin XCodeSourceCodeAccess, From C:/Program Files (x86)/Epic Games/4.13/Engine/Plugins/Developer/XCodeSourceCodeAccess/XCodeSourceCodeAccess.uplugin
LogPluginManager: Loaded Plugin EpicSurvey, From C:/Program Files (x86)/Epic Games/4.13/Engine/Plugins/Editor/EpicSurvey/EpicSurvey.uplugin
LogPluginManager: Loaded Plugin MacGraphicsSwitching, From C:/Program Files (x86)/Epic Games/4.13/Engine/Plugins/Editor/MacGraphicsSwitching/MacGraphicsSwitching.uplugin
LogPluginManager: Loaded Plugin MobileLauncherProfileWizard, From C:/Program Files (x86)/Epic Games/4.13/Engine/Plugins/Editor/MobileLauncherProfileWizard/MobileLauncherProfileWizard.uplugin
LogPluginManager: Loaded Plugin PluginBrowser, From C:/Program Files (x86)/Epic Games/4.13/Engine/Plugins/Editor/PluginBrowser/PluginBrowser.uplugin
LogPluginManager: Loaded Plugin SpeedTreeImporter, From C:/Program Files (x86)/Epic Games/4.13/Engine/Plugins/Editor/SpeedTreeImporter/SpeedTreeImporter.uplugin
LogPluginManager: Loaded Plugin SuperSearchEditor, From C:/Program Files (x86)/Epic Games/4.13/Engine/Plugins/Editor/SuperSearchEditor/SuperSearchEditor.uplugin
LogPluginManager: Loaded Plugin AlembicImporter, From C:/Program Files (x86)/Epic Games/4.13/Engine/Plugins/Experimental/AlembicImporter/AlembicImporter.uplugin
LogPluginManager: Loaded Plugin BlueprintStats, From C:/Program Files (x86)/Epic Games/4.13/Engine/Plugins/Experimental/BlueprintStats/BlueprintStats.uplugin
LogPluginManager: Loaded Plugin CharacterAI, From C:/Program Files (x86)/Epic Games/4.13/Engine/Plugins/Experimental/CharacterAI/CharacterAI.uplugin
LogPluginManager: Loaded Plugin CodeEditor, From C:/Program Files (x86)/Epic Games/4.13/Engine/Plugins/Experimental/CodeEditor/CodeEditor.uplugin
LogPluginManager: Loaded Plugin CodeView, From C:/Program Files (x86)/Epic Games/4.13/Engine/Plugins/Experimental/CodeView/CodeView.uplugin
LogPluginManager: Loaded Plugin HTML5Networking, From C:/Program Files (x86)/Epic Games/4.13/Engine/Plugins/Experimental/HTML5Networking/HTML5Networking.uplugin
LogPluginManager: Loaded Plugin LiveEditor, From C:/Program Files (x86)/Epic Games/4.13/Engine/Plugins/Experimental/LiveEditor/LiveEditor.uplugin
LogPluginManager: Loaded Plugin OSVR, From C:/Program Files (x86)/Epic Games/4.13/Engine/Plugins/Experimental/OSVR/OSVR.uplugin
LogPluginManager: Loaded Plugin Phya, From C:/Program Files (x86)/Epic Games/4.13/Engine/Plugins/Experimental/Phya/Phya.uplugin
LogPluginManager: Loaded Plugin SignificanceManager, From C:/Program Files (x86)/Epic Games/4.13/Engine/Plugins/Experimental/SignificanceManager/SignificanceManager.uplugin
LogPluginManager: Loaded Plugin SimpleHMD, From C:/Program Files (x86)/Epic Games/4.13/Engine/Plugins/Experimental/SimpleHMD/SimpleHMD.uplugin
LogPluginManager: Loaded Plugin StereoPanorama, From C:/Program Files (x86)/Epic Games/4.13/Engine/Plugins/Experimental/StereoPanorama/StereoPanorama.uplugin
LogPluginManager: Loaded Plugin StructBox, From C:/Program Files (x86)/Epic Games/4.13/Engine/Plugins/Experimental/StructBox/StructBox.uplugin
LogPluginManager: Loaded Plugin AndroidMedia, From C:/Program Files (x86)/Epic Games/4.13/Engine/Plugins/Media/AndroidMedia/AndroidMedia.uplugin
LogPluginManager: Loaded Plugin AvfMedia, From C:/Program Files (x86)/Epic Games/4.13/Engine/Plugins/Media/AvfMedia/AvfMedia.uplugin
LogPluginManager: Loaded Plugin MediaPlayerEditor, From C:/Program Files (x86)/Epic Games/4.13/Engine/Plugins/Media/MediaPlayerEditor/MediaPlayerEditor.uplugin
LogPluginManager: Loaded Plugin WmfMedia, From C:/Program Files (x86)/Epic Games/4.13/Engine/Plugins/Media/WmfMedia/WmfMedia.uplugin
LogPluginManager: Loaded Plugin MessagingDebugger, From C:/Program Files (x86)/Epic Games/4.13/Engine/Plugins/Messaging/MessagingDebugger/MessagingDebugger.uplugin
LogPluginManager: Loaded Plugin TcpMessaging, From C:/Program Files (x86)/Epic Games/4.13/Engine/Plugins/Messaging/TcpMessaging/TcpMessaging.uplugin
LogPluginManager: Loaded Plugin UdpMessaging, From C:/Program Files (x86)/Epic Games/4.13/Engine/Plugins/Messaging/UdpMessaging/UdpMessaging.uplugin
LogPluginManager: Loaded Plugin LevelSequenceEditor, From C:/Program Files (x86)/Epic Games/4.13/Engine/Plugins/MovieScene/LevelSequenceEditor/LevelSequenceEditor.uplugin
LogPluginManager: Loaded Plugin MatineeToLevelSequence, From C:/Program Files (x86)/Epic Games/4.13/Engine/Plugins/MovieScene/MatineeToLevelSequence/MatineeToLevelSequence.uplugin
LogPluginManager: Loaded Plugin NetcodeUnitTest, From C:/Program Files (x86)/Epic Games/4.13/Engine/Plugins/NetcodeUnitTest/NetcodeUnitTest/NetcodeUnitTest.uplugin
LogPluginManager: Loaded Plugin NUTUnrealEngine4, From C:/Program Files (x86)/Epic Games/4.13/Engine/Plugins/NetcodeUnitTest/NUTUnrealEngine4/NUTUnrealEngine4.uplugin
LogPluginManager: Loaded Plugin OnlineSubsystemGooglePlay, From C:/Program Files (x86)/Epic Games/4.13/Engine/Plugins/Online/Android/OnlineSubsystemGooglePlay/OnlineSubsystemGooglePlay.uplugin
LogPluginManager: Loaded Plugin OnlineSubsystemIOS, From C:/Program Files (x86)/Epic Games/4.13/Engine/Plugins/Online/IOS/OnlineSubsystemIOS/OnlineSubsystemIOS.uplugin
LogPluginManager: Loaded Plugin OnlineFramework, From C:/Program Files (x86)/Epic Games/4.13/Engine/Plugins/Online/OnlineFramework/OnlineFramework.uplugin
LogPluginManager: Loaded Plugin OnlineSubsystem, From C:/Program Files (x86)/Epic Games/4.13/Engine/Plugins/Online/OnlineSubsystem/OnlineSubsystem.uplugin
LogPluginManager: Loaded Plugin OnlineSubsystemAmazon, From C:/Program Files (x86)/Epic Games/4.13/Engine/Plugins/Online/OnlineSubsystemAmazon/OnlineSubsystemAmazon.uplugin
LogPluginManager: Loaded Plugin OnlineSubsystemFacebook, From C:/Program Files (x86)/Epic Games/4.13/Engine/Plugins/Online/OnlineSubsystemFacebook/OnlineSubsystemFacebook.uplugin
LogPluginManager: Loaded Plugin OnlineSubsystemNull, From C:/Program Files (x86)/Epic Games/4.13/Engine/Plugins/Online/OnlineSubsystemNull/OnlineSubsystemNull.uplugin
LogPluginManager: Loaded Plugin OnlineSubsystemOculus, From C:/Program Files (x86)/Epic Games/4.13/Engine/Plugins/Online/OnlineSubsystemOculus/OnlineSubsystemOculus.uplugin
LogPluginManager: Loaded Plugin OnlineSubsystemSteam, From C:/Program Files (x86)/Epic Games/4.13/Engine/Plugins/Online/OnlineSubsystemSteam/OnlineSubsystemSteam.uplugin
LogPluginManager: Loaded Plugin OnlineSubsystemUtils, From C:/Program Files (x86)/Epic Games/4.13/Engine/Plugins/Online/OnlineSubsystemUtils/OnlineSubsystemUtils.uplugin
LogPluginManager: Loaded Plugin IOSTapJoy, From C:/Program Files (x86)/Epic Games/4.13/Engine/Plugins/Runtime/Advertising/IOSTapJoy/IOSTapJoy.uplugin
LogPluginManager: Loaded Plugin AnalyticsBlueprintLibrary, From C:/Program Files (x86)/Epic Games/4.13/Engine/Plugins/Runtime/Analytics/AnalyticsBlueprintLibrary/AnalyticsBlueprintLibrary.uplugin
LogPluginManager: Loaded Plugin AnalyticsMulticast, From C:/Program Files (x86)/Epic Games/4.13/Engine/Plugins/Runtime/Analytics/AnalyticsMulticast/AnalyticsMulticast.uplugin
LogPluginManager: Loaded Plugin Apsalar, From C:/Program Files (x86)/Epic Games/4.13/Engine/Plugins/Runtime/Analytics/Apsalar/Apsalar.uplugin
LogPluginManager: Loaded Plugin FileLogging, From C:/Program Files (x86)/Epic Games/4.13/Engine/Plugins/Runtime/Analytics/FileLogging/FileLogging.uplugin
LogPluginManager: Loaded Plugin Flurry, From C:/Program Files (x86)/Epic Games/4.13/Engine/Plugins/Runtime/Analytics/Flurry/Flurry.uplugin
LogPluginManager: Loaded Plugin AndroidDeviceProfileSelector, From C:/Program Files (x86)/Epic Games/4.13/Engine/Plugins/Runtime/AndroidDeviceProfileSelector/AndroidDeviceProfileSelector.uplugin
LogPluginManager: Loaded Plugin AndroidMoviePlayer, From C:/Program Files (x86)/Epic Games/4.13/Engine/Plugins/Runtime/AndroidMoviePlayer/AndroidMoviePlayer.uplugin
LogPluginManager: Loaded Plugin AppleMoviePlayer, From C:/Program Files (x86)/Epic Games/4.13/Engine/Plugins/Runtime/AppleMoviePlayer/AppleMoviePlayer.uplugin
LogPluginManager: Loaded Plugin ArchVisCharacter, From C:/Program Files (x86)/Epic Games/4.13/Engine/Plugins/Runtime/ArchVisCharacter/ArchVisCharacter.uplugin
LogPluginManager: Loaded Plugin CableComponent, From C:/Program Files (x86)/Epic Games/4.13/Engine/Plugins/Runtime/CableComponent/CableComponent.uplugin
LogPluginManager: Loaded Plugin CustomMeshComponent, From C:/Program Files (x86)/Epic Games/4.13/Engine/Plugins/Runtime/CustomMeshComponent/CustomMeshComponent.uplugin
LogPluginManager: Loaded Plugin ExampleDeviceProfileSelector, From C:/Program Files (x86)/Epic Games/4.13/Engine/Plugins/Runtime/ExampleDeviceProfileSelector/ExampleDeviceProfileSelector.uplugin
LogPluginManager: Loaded Plugin GearVR, From C:/Program Files (x86)/Epic Games/4.13/Engine/Plugins/Runtime/GearVR/GearVR.uplugin
LogPluginManager: Loaded Plugin GoogleVRController, From C:/Program Files (x86)/Epic Games/4.13/Engine/Plugins/Runtime/GoogleVR/GoogleVRController/GoogleVRController.uplugin
LogPluginManager: Loaded Plugin GoogleVRHMD, From C:/Program Files (x86)/Epic Games/4.13/Engine/Plugins/Runtime/GoogleVR/GoogleVRHMD/GoogleVRHMD.uplugin
LogPluginManager: Loaded Plugin IOSDeviceProfileSelector, From C:/Program Files (x86)/Epic Games/4.13/Engine/Plugins/Runtime/IOSDeviceProfileSelector/IOSDeviceProfileSelector.uplugin
LogPluginManager: Loaded Plugin LeapMotion, From C:/Program Files (x86)/Epic Games/4.13/Engine/Plugins/Runtime/LeapMotion/LeapMotion.uplugin
LogPluginManager: Loaded Plugin LinuxDeviceProfileSelector, From C:/Program Files (x86)/Epic Games/4.13/Engine/Plugins/Runtime/LinuxDeviceProfileSelector/LinuxDeviceProfileSelector.uplugin
LogPluginManager: Loaded Plugin LiveEditorListenServer, From C:/Program Files (x86)/Epic Games/4.13/Engine/Plugins/Runtime/LiveEditorListenServer/LiveEditorListenServer.uplugin
LogPluginManager: Loaded Plugin OculusAudio, From C:/Program Files (x86)/Epic Games/4.13/Engine/Plugins/Runtime/OculusAudio/OculusAudio.uplugin
LogPluginManager: Loaded Plugin OculusInput, From C:/Program Files (x86)/Epic Games/4.13/Engine/Plugins/Runtime/OculusInput/OculusInput.uplugin
LogPluginManager: Loaded Plugin OculusLibrary, From C:/Program Files (x86)/Epic Games/4.13/Engine/Plugins/Runtime/OculusLibrary/OculusLibrary.uplugin
LogPluginManager: Loaded Plugin OculusRift, From C:/Program Files (x86)/Epic Games/4.13/Engine/Plugins/Runtime/OculusRift/OculusRift.uplugin
LogPluginManager: Loaded Plugin Oodle, From C:/Program Files (x86)/Epic Games/4.13/Engine/Plugins/Runtime/PacketHandlers/CompressionComponents/Oodle/Oodle.uplugin
LogPluginManager: Loaded Plugin ProceduralMeshComponent, From C:/Program Files (x86)/Epic Games/4.13/Engine/Plugins/Runtime/ProceduralMeshComponent/ProceduralMeshComponent.uplugin
LogPluginManager: Loaded Plugin SoundMod, From C:/Program Files (x86)/Epic Games/4.13/Engine/Plugins/Runtime/SoundMod/SoundMod.uplugin
LogPluginManager: Loaded Plugin SoundVisualizations, From C:/Program Files (x86)/Epic Games/4.13/Engine/Plugins/Runtime/SoundVisualizations/SoundVisualizations.uplugin
LogPluginManager: Loaded Plugin SteamController, From C:/Program Files (x86)/Epic Games/4.13/Engine/Plugins/Runtime/Steam/SteamController/SteamController.uplugin
LogPluginManager: Loaded Plugin SteamVR, From C:/Program Files (x86)/Epic Games/4.13/Engine/Plugins/Runtime/Steam/SteamVR/SteamVR.uplugin
LogPluginManager: Loaded Plugin WebBrowserWidget, From C:/Program Files (x86)/Epic Games/4.13/Engine/Plugins/Runtime/WebBrowserWidget/WebBrowserWidget.uplugin
LogPluginManager: Loaded Plugin WindowsDeviceProfileSelector, From C:/Program Files (x86)/Epic Games/4.13/Engine/Plugins/Runtime/WindowsDeviceProfileSelector/WindowsDeviceProfileSelector.uplugin
LogPluginManager: Loaded Plugin WindowsMoviePlayer, From C:/Program Files (x86)/Epic Games/4.13/Engine/Plugins/Runtime/WindowsMoviePlayer/WindowsMoviePlayer.uplugin
LogPluginManager: Loaded Plugin ScriptPlugin, From C:/Program Files (x86)/Epic Games/4.13/Engine/Plugins/ScriptPlugin/ScriptPlugin.uplugin
LogPluginManager: Loaded Plugin SlateRemote, From C:/Program Files (x86)/Epic Games/4.13/Engine/Plugins/Slate/SlateRemote/SlateRemote.uplugin
LogInit: Using libcurl 7.47.1
LogInit:  - built for x86_64-pc-win32
LogInit:  - supports SSL with WinSSL
LogInit:  - other features:
LogInit:      CURL_VERSION_SSL
LogInit:      CURL_VERSION_IPV6
LogInit:      CURL_VERSION_ASYNCHDNS
LogInit:      CURL_VERSION_LARGEFILE
LogInit:      CURL_VERSION_IDN
LogInit:  CurlRequestOptions (configurable via config and command line):
LogInit:  - bVerifyPeer = false  - Libcurl will NOT verify peer certificate
LogInit:  - bUseHttpProxy = false  - Libcurl will NOT use HTTP proxy
LogInit:  - bDontReuseConnections = false  - Libcurl will reuse connections
LogInit:  - CertBundlePath = nullptr  - Libcurl will use whatever was configured at build time.
LogInit: Build: ++UE4+Release-4.13-CL-3172292
LogInit: Engine Version: 4.13.2-3172292+++UE4+Release-4.13
LogInit: Compatible Engine Version: 4.13.0-3106830+++UE4+Release-4.13
LogInit: Net CL: 3172292
LogDevObjectVersion: Number of dev versions registered: 13
LogDevObjectVersion:   Dev-Blueprints (B0D832E4-1F89-4F0D-ACCF-7EB736FD4AA2): 5
LogDevObjectVersion:   Dev-Build (E1C64328-A22C-4D53-A36C-8E866417BD8C): 0
LogDevObjectVersion:   Dev-Core (375EC13C-06E4-48FB-B500-84F0262A717E): 1
LogDevObjectVersion:   Dev-Editor (E4B068ED-F494-42E9-A231-DA0B2E46BB41): 6
LogDevObjectVersion:   Dev-Framework (CFFC743F-43B0-4480-9391-14DF171D2073): 12
LogDevObjectVersion:   Dev-Mobile (B02B49B5-BB20-44E9-A304-32B752E40360): 0
LogDevObjectVersion:   Dev-Networking (A4E4105C-59A1-49B5-A7C5-40C4547EDFEE): 0
LogDevObjectVersion:   Dev-Online (39C831C9-5AE6-47DC-9A44-9C173E1C8E7C): 0
LogDevObjectVersion:   Dev-Physics (78F01B33-EBEA-4F98-B9B4-84EACCB95AA2): 0
LogDevObjectVersion:   Dev-Platform (6631380F-2D4D-43E0-8009-CF276956A95A): 0
LogDevObjectVersion:   Dev-Rendering (12F88B9F-8875-4AFC-A67C-D90C383ABD29): 4
LogDevObjectVersion:   Dev-Sequencer (7B5AE74C-D270-4C10-A958-57980B212A5A): 0
LogDevObjectVersion:   Dev-VR (D7296918-1DD6-4BDD-9DE2-64A83CC13884): 0
LogInit: Compiled (64-bit): Oct 24 2016 14:29:06
LogInit: Compiled with Visual C++: 19.00.23026.00
LogInit: Build Configuration: Development
LogInit: Branch Name: ++UE4+Release-4.13
LogInit: Command line:  
LogInit: Base directory: C:/Program Files (x86)/Epic Games/4.13/Engine/Binaries/Win64/
LogInit: Installed Engine Build: 1
LogInit: Presizing for max 8388607 objects, including 0 objects not considered by GC, pre-allocating 0 bytes for permanent pool.
LogInit: Object subsystem initialized
[2016.12.01-20.54.19:379][  0]LogInit: Selected Device Profile: [Windows]
[2016.12.01-20.54.19:379][  0]LogInit: Applying CVar settings loaded from the selected device profile: [Windows]
[2016.12.01-20.54.19:446][  0]LogInit: Computer: NATHANAELS-PC
[2016.12.01-20.54.19:446][  0]LogInit: User: Nathanael
[2016.12.01-20.54.19:446][  0]LogInit: CPU Page size=65536, Cores=4
[2016.12.01-20.54.19:446][  0]LogInit: High frequency timer resolution =1.949469 MHz
[2016.12.01-20.54.19:448][  0]LogMemory: Memory total: Physical=6.9GB (7GB approx)
[2016.12.01-20.54.19:448][  0]LogMemory: Platform Memory Stats for Windows
[2016.12.01-20.54.19:448][  0]LogMemory: Process Physical Memory: 255.72 MB used, 255.72 MB peak
[2016.12.01-20.54.19:448][  0]LogMemory: Process Virtual Memory: 259.86 MB used, 259.86 MB peak
[2016.12.01-20.54.19:448][  0]LogMemory: Physical Memory: 4342.73 MB used, 7103.31 MB total
[2016.12.01-20.54.19:448][  0]LogMemory: Virtual Memory: 622.34 MB used, 134217728.00 MB total
[2016.12.01-20.54.19:538][  0]LogTextLocalizationManager: No specific translations for ('en-US') exist, so ('en') translations will be used.
[2016.12.01-20.54.22:628][  0]LogD3D11RHI: D3D11 adapters:
[2016.12.01-20.54.22:677][  0]LogD3D11RHI:    0. 'AMD Radeon(TM) R5 Graphics' (Feature Level 11_0)
[2016.12.01-20.54.22:677][  0]LogD3D11RHI:       1005/0/3551 MB DedicatedVideo/DedicatedSystem/SharedSystem, Outputs:1, VendorId:0x1002
[2016.12.01-20.54.22:682][  0]LogD3D11RHI:    1. 'Microsoft Basic Render Driver' (Feature Level 11_0)
[2016.12.01-20.54.22:682][  0]LogD3D11RHI:       0/0/3551 MB DedicatedVideo/DedicatedSystem/SharedSystem, Outputs:0, VendorId:0x1414
[2016.12.01-20.54.22:682][  0]LogD3D11RHI: Chosen D3D11 Adapter: 0
[2016.12.01-20.54.22:705][  0]LogD3D11RHI: Creating new Direct3DDevice
[2016.12.01-20.54.22:705][  0]LogD3D11RHI:     GPU DeviceId: 0x9851 (for the marketing name, search the web for "GPU Device Id")
[2016.12.01-20.54.22:705][  0]LogWindows: EnumDisplayDevices:
[2016.12.01-20.54.22:706][  0]LogWindows:    0. 'AMD Radeon(TM) R5 Graphics' (P:1 D:1)
[2016.12.01-20.54.22:708][  0]LogWindows:    1. 'AMD Radeon(TM) R5 Graphics' (P:0 D:0)
[2016.12.01-20.54.22:709][  0]LogWindows: DebugString: FoundDriverCount:2 
[2016.12.01-20.54.22:709][  0]LogD3D11RHI:     Adapter Name: AMD Radeon(TM) R5 Graphics
[2016.12.01-20.54.22:709][  0]LogD3D11RHI:   Driver Version: 15.201.1101.0 (internal:15.201.1101.0, unified:15.201.1101.0)
[2016.12.01-20.54.22:709][  0]LogD3D11RHI:      Driver Date: 8-6-2015
[2016.12.01-20.54.22:709][  0]LogRHI: Texture pool is 704 MB (70% of 1005 MB)
[2016.12.01-20.54.22:743][  0]LogD3D11RHI: Async texture creation enabled
[2016.12.01-20.54.22:775][  0]LogD3D11RHI: GPU Timing Frequency: 100.000000 (Debug: 2 1)
[2016.12.01-20.54.22:781][  0]LogShaderCompilers: Guid format shader working directory is -37 characters bigger than the processId version (../../../../../../Users/Nathanael/Documents/Unreal Projects/Section_03/BuildingEscape/Intermediate/Shaders/WorkingDirectory/22168/).
[2016.12.01-20.54.22:782][  0]LogShaderCompilers: Cleaned the shader compiler working directory 'C:/Users/NATHAN~1/AppData/Local/Temp/UnrealShaderWorkingDir/B3D0349C4FCF5BFED2EACA9EFA78722B/'.
[2016.12.01-20.54.22:782][  0]LogShaderCompilers:Display: Using Local Shader Compiler.
[2016.12.01-20.54.29:217][  0]LogTemp:Display: Loaded TP AllDesktopTargetPlatform
[2016.12.01-20.54.29:256][  0]LogTemp:Display: Loaded TP WindowsClientTargetPlatform
[2016.12.01-20.54.29:294][  0]LogTemp:Display: Loaded TP WindowsNoEditorTargetPlatform
[2016.12.01-20.54.29:335][  0]LogTemp:Display: Loaded TP WindowsServerTargetPlatform
[2016.12.01-20.54.29:375][  0]LogTemp:Display: Loaded TP WindowsTargetPlatform
[2016.12.01-20.54.29:408][  0]LogTemp:Display: Loaded TP AndroidTargetPlatform
[2016.12.01-20.54.29:441][  0]LogTemp:Display: Loaded TP Android_ASTCTargetPlatform
[2016.12.01-20.54.29:477][  0]LogTemp:Display: Loaded TP Android_ATCTargetPlatform
[2016.12.01-20.54.29:515][  0]LogTemp:Display: Loaded TP Android_DXTTargetPlatform
[2016.12.01-20.54.29:548][  0]LogTemp:Display: Loaded TP Android_ETC1TargetPlatform
[2016.12.01-20.54.29:575][  0]LogTemp:Display: Loaded TP Android_ETC2TargetPlatform
[2016.12.01-20.54.29:647][  0]LogTemp:Display: Loaded TP Android_MultiTargetPlatform
[2016.12.01-20.54.29:649][  0]LogTemp:Display: Loaded TP Android_PVRTCTargetPlatform
[2016.12.01-20.54.29:655][  0]LogTemp:Display: Loaded TP HTML5TargetPlatform
[2016.12.01-20.54.29:724][  0]LogTemp:Display: Loaded TP IOSTargetPlatform
[2016.12.01-20.54.29:760][  0]LogTemp:Display: Loaded TP TVOSTargetPlatform
[2016.12.01-20.54.29:795][  0]LogTemp:Display: Loaded TP LinuxClientTargetPlatform
[2016.12.01-20.54.29:830][  0]LogTemp:Display: Loaded TP LinuxNoEditorTargetPlatform
[2016.12.01-20.54.29:871][  0]LogTemp:Display: Loaded TP LinuxServerTargetPlatform
[2016.12.01-20.54.29:913][  0]LogTemp:Display: Loaded TP LinuxTargetPlatform
[2016.12.01-20.54.29:914][  0]LogTargetPlatformManager:Display: Building Assets For Windows
[2016.12.01-20.54.30:290][  0]LogDerivedDataCache:Display: Max Cache Size: 512 MB
[2016.12.01-20.54.30:728][  0]LogDerivedDataCache: Loaded boot cache 0.44s 62MB C:/Users/Nathanael/AppData/Local/UnrealEngine/4.13/DerivedDataCache/Boot.ddc.
[2016.12.01-20.54.30:729][  0]LogDerivedDataCache:Display: Loaded Boot cache: C:/Users/Nathanael/AppData/Local/UnrealEngine/4.13/DerivedDataCache/Boot.ddc
[2016.12.01-20.54.30:730][  0]LogDerivedDataCache: FDerivedDataBackendGraph:  Pak pak cache file ../../../../../../Users/Nathanael/Documents/Unreal Projects/Section_03/BuildingEscape/DerivedDataCache/DDC.ddp not found, will not use a pak cache.
[2016.12.01-20.54.30:730][  0]LogDerivedDataCache: Unable to find inner node Pak for hierarchical cache Hierarchy.
[2016.12.01-20.54.30:730][  0]LogDerivedDataCache: FDerivedDataBackendGraph:  CompressedPak pak cache file ../../../../../../Users/Nathanael/Documents/Unreal Projects/Section_03/BuildingEscape/DerivedDataCache/Compressed.ddp not found, will not use a pak cache.
[2016.12.01-20.54.30:730][  0]LogDerivedDataCache: Unable to find inner node CompressedPak for hierarchical cache Hierarchy.
[2016.12.01-20.54.30:809][  0]LogDerivedDataCache:Display: Pak cache opened for reading ../../../Engine/DerivedDataCache/Compressed.ddp.
[2016.12.01-20.54.30:828][  0]LogDerivedDataCache: Using Local data cache path C:/Users/Nathanael/AppData/Local/UnrealEngine/Common/DerivedDataCache: Writable
[2016.12.01-20.54.49:819][  0]LogInit: Selected Device Profile: [Windows]
[2016.12.01-20.54.49:967][  0]LogContentStreaming: Texture pool size is 0.00 MB
[2016.12.01-20.54.50:662][  0]LogMeshUtilities: No automatic mesh reduction module available
[2016.12.01-20.54.50:662][  0]LogMeshUtilities: No automatic mesh merging module available
[2016.12.01-20.54.50:662][  0]LogMeshUtilities: No distributed automatic mesh merging module available
[2016.12.01-20.54.51:048][  0]LogConfig:Warning: Failed to saved backup for config[TemplateDefs]
[2016.12.01-20.54.51:274][  0]LogMaterial: Uniform references updated for custom material expression Custom.
[2016.12.01-20.54.55:790][  0]LogNetVersion: GetLocalNetworkVersion: CL: 3106830, ProjectName: buildingescape, ProjectVersion: , EngineNetworkVersion: 1, GameNetworkVersion: 0, NetworkChecksum: 1054837439
[2016.12.01-20.54.56:029][  0]LogAssetRegistry: FAssetRegistry took 0.0245 seconds to start up
[2016.12.01-20.54.56:258][  0]LogPackageLocalizationCache: Processed 3 localized package path(s) for 2 prioritized culture(s) in 0.207876 seconds
[2016.12.01-20.54.56:282][  0]LogUObjectArray: 29778 objects as part of root set at end of initial load.
[2016.12.01-20.54.56:282][  0]LogUObjectAllocator: 6125456 out of 0 bytes used by permanent object pool.
[2016.12.01-20.54.56:282][  0]LogUObjectArray: CloseDisregardForGC: 0/0 objects in disregard for GC pool
[2016.12.01-20.54.56:349][  0]LogInit: WinSock: version 1.1 (2.2), MaxSocks=32767, MaxUdp=65467
[2016.12.01-20.55.01:301][  0]LogSlate: SlateFontCache - WITH_FREETYPE: 1, WITH_HARFBUZZ: 1
[2016.12.01-20.55.01:301][  0]LogSlate: SlateFontCache - WITH_FREETYPE: 1, WITH_HARFBUZZ: 1
[2016.12.01-20.55.45:890][  0]LogTcpMessaging: Initializing TcpMessaging bridge
[2016.12.01-20.55.45:973][  0]LogUdpMessaging: Initializing bridge on interface 0.0.0.0:0 to multicast group 230.0.0.1:6666.
[2016.12.01-20.55.47:244][  0]LogConfig:Warning: Failed to saved backup for config[InternationalizationExport]
[2016.12.01-20.55.47:252][  0]LogConfig:Warning: Failed to saved backup for config[TranslationPickerSettings]
[2016.12.01-20.55.48:410][  0]SourceControl: Info Source control is disabled
[2016.12.01-20.55.48:424][  0]SourceControl: Info Source control is disabled
[2016.12.01-20.55.48:489][  0]SourceControl: Info Source control is disabled
[2016.12.01-20.55.48:584][  0]SourceControl: Info Source control is disabled
[2016.12.01-20.55.51:187][  0]LogEngine: Initializing Engine...
[2016.12.01-20.55.51:206][  0]LogHMD: Failed to initialize OpenVR with code 110
[2016.12.01-20.55.52:305][  0]LogAIModule: Creating AISystem for world Untitled
[2016.12.01-20.55.52:391][  0]LogInit: XAudio2 using 'Speaker/HP (Realtek High Definition Audio)' : 2 channels at 48 kHz using 32 bits per sample (channel mask 0x3)
[2016.12.01-20.55.52:479][  0]LogInit: FAudioDevice initialized.
[2016.12.01-20.55.52:735][  0]LogDerivedDataCache: Saved boot cache 0.25s 62MB C:/Users/Nathanael/AppData/Local/UnrealEngine/4.13/DerivedDataCache/Boot.ddc.
[2016.12.01-20.55.52:868][  0]LogInit: Texture streaming: Enabled
[2016.12.01-20.55.53:166][  0]LogInit: Transaction tracking system initialized
[2016.12.01-20.55.53:888][  0]BlueprintLog: New page: Editor Load
[2016.12.01-20.55.55:566][  0]LocalizationService: Info Localization service is disabled
[2016.12.01-20.55.56:610][  0]LogConsoleResponse:Display: 
[2016.12.01-20.55.59:411][  0]LogCook:Display: Max memory allowance for cook 16384mb min free memory 0mb
[2016.12.01-20.55.59:411][  0]LogCook:Display: Mobile HDR setting 1
[2016.12.01-20.55.59:974][  0]LogFileCache: Scanning file cache for directory 'C:/Users/Nathanael/Documents/Unreal Projects/Section_03/BuildingEscape/Content/' took 0.06s
[2016.12.01-20.56.01:483][  0]SourceControl: Info Source control is disabled
[2016.12.01-20.56.01:483][  0]Cmd: MAP LOAD FILE="../../../../../../Users/Nathanael/Documents/Unreal Projects/Section_03/BuildingEscape/Content/NewMap.umap" TEMPLATE=0 SHOWPROGRESS=1 FEATURELEVEL=3
[2016.12.01-20.56.01:486][  0]LightingResults: New page: Lighting Build
[2016.12.01-20.56.01:501][  0]MapCheck: New page: Map Check
[2016.12.01-20.56.01:501][  0]LightingResults: New page: Lighting Build
[2016.12.01-20.56.06:106][  0]LogAIModule: Creating AISystem for world NewMap
[2016.12.01-20.56.06:996][  0]LogEditorServer: Finished looking for orphan Actors (0.000 secs)
[2016.12.01-20.56.07:001][  0]Cmd: MAP CHECKDEP NOCLEARLOG
[2016.12.01-20.56.07:852][  0]MapCheck: Info Map check complete: 0 Error(s), 0 Warning(s), took 850.795ms to complete.
[2016.12.01-20.56.07:908][  0]LogFileHelpers: Loading map 'NewMap' took 6.426
[2016.12.01-20.56.09:241][  0]LogCollectionManager: Loaded 0 collections in 0.006304 seconds
[2016.12.01-20.56.09:325][  0]LogFileCache: Scanning file cache for directory 'C:/Users/Nathanael/Documents/Unreal Projects/Section_03/BuildingEscape/Saved/Collections/' took 0.01s
[2016.12.01-20.56.09:325][  0]LogFileCache: Scanning file cache for directory 'C:/Users/Nathanael/Documents/Unreal Projects/Section_03/BuildingEscape/Content/Developers/Nathanael/Collections/' took 0.01s
[2016.12.01-20.56.09:325][  0]LogFileCache: Scanning file cache for directory 'C:/Users/Nathanael/Documents/Unreal Projects/Section_03/BuildingEscape/Content/Collections/' took 0.01s
[2016.12.01-20.56.09:325][  0]LogCollectionManager: Rebuilt the GUID cache for 0 collections in 0.000009 seconds
[2016.12.01-20.56.09:419][  0]LogContentBrowser: Native class hierarchy populated in 0.0925 seconds. Added 2147 classes and 420 folders.
[2016.12.01-20.56.09:453][  0]LogStats: UGameplayTagsManager::ConstructGameplayTagTree: Construct from data asset -  0.000 s
[2016.12.01-20.56.09:453][  0]LogStats: UGameplayTagsManager::ConstructGameplayTagTree: GameplayTagTreeChangedEvent.Broadcast -  0.000 s
[2016.12.01-20.56.09:464][  0]LogContentBrowser: Native class hierarchy updated for 'GameplayTags' in 0.0108 seconds. Added 12 classes and 0 folders.
[2016.12.01-20.56.09:497][  0]LogContentBrowser: Native class hierarchy updated for 'WidgetCarousel' in 0.0064 seconds. Added 0 classes and 0 folders.
[2016.12.01-20.56.12:454][  0]LogContentBrowser: Native class hierarchy updated for 'AddContentDialog' in 0.0076 seconds. Added 0 classes and 0 folders.
[2016.12.01-20.56.12:537][  0]LogCrashTracker: Crashtracker disabled due to settings.
[2016.12.01-20.56.12:564][  0]LogUObjectGlobals:Warning: Failed to find object 'Class None.'
[2016.12.01-20.56.12:691][  0]LogContentBrowser: Native class hierarchy updated for 'HierarchicalLODOutliner' in 0.0080 seconds. Added 1 classes and 2 folders.
[2016.12.01-20.56.12:693][  0]LogLoad: (Engine Initialization) Total time: 119.24 seconds
[2016.12.01-20.56.12:693][  0]LogLoad: (Engine Initialization) Total Blueprint compile time: 0.88 seconds
[2016.12.01-20.56.12:693][  0]LogExternalProfiler: Found external profiler: VSPerf
[2016.12.01-20.56.12:693][  0]LogExternalProfiler: Using external profiler: VSPerf
[2016.12.01-20.56.12:734][  0]LogWindowsTextInputMethodSystem:Display: IME system now deactivated.
[2016.12.01-20.56.12:735][  0]LogWindowsTextInputMethodSystem:Display: IME system now deactivated.
[2016.12.01-20.56.12:737][  0]LogOcInput: OculusInput pre-init called
[2016.12.01-20.56.12:831][  0]LogContentStreaming: Texture pool size now 1000 MB
[2016.12.01-20.56.13:750][  0]LogRenderer: Reallocating scene render targets to support 760x372 (Frame:2).
[2016.12.01-20.56.17:668][  5]LogAssetRegistry: Asset discovery search completed in 81.6628 seconds
[2016.12.01-20.56.17:669][  5]LogCollectionManager: Rebuilt the object cache for 0 collections in 0.000003 seconds (found 0 objects)
[2016.12.01-20.56.17:669][  5]LogCollectionManager: Fixed up redirectors for 0 collections in 0.000323 seconds (updated 0 objects)
[2016.12.01-20.58.37:098][471]LogVSAccessor:Warning: Couldn't goto line number '0' in 'C:/Users/Nathanael/Documents/Unreal Projects/Section_03/BuildingEscape/Source/BuildingEscape/Scripts/PositionReport.h'
[2016.12.01-20.58.43:220][471]LogVSAccessor:Warning: Couldn't goto line number '0' in 'C:/Users/Nathanael/Documents/Unreal Projects/Section_03/BuildingEscape/Source/BuildingEscape/Scripts/PositionReport.cpp'
[2016.12.01-21.11.42:468][768]Recompiling BuildingEscape...
[2016.12.01-21.11.42:472][768]Launching UnrealBuildTool... [C:/Program Files (x86)/Epic Games/4.13/Engine/Binaries/DotNET/UnrealBuildTool.exe BuildingEscape -ModuleWithSuffix BuildingEscape 835 Win64 Development -editorrecompile -canskiplink "C:/Users/Nathanael/Documents/Unreal Projects/Section_03/BuildingEscape/BuildingEscape.uproject"  -2015]
[2016.12.01-21.11.42:485][768]Warning: Starting HotReload took  0.2s.
[2016.12.01-21.13.01:524][ 51]CompilerResultsLog: New page: Compilation - Dec 1, 2016, 11:13:01 AM
[2016.12.01-21.13.01:527][ 51]CompilerResultsLog: Info Creating makefile for hot reloading BuildingEscape (working set of source files changed)
[2016.12.01-21.13.01:528][ 51]CompilerResultsLog: Info Compiling game modules for hot reload
[2016.12.01-21.13.01:528][ 51]CompilerResultsLog: Info Performing full C++ include scan (no include cache file)
[2016.12.01-21.13.01:528][ 51]CompilerResultsLog: Info Parsing headers for BuildingEscapeEditor
[2016.12.01-21.13.01:529][ 51]CompilerResultsLog: Info   Running UnrealHeaderTool "C:\Users\Nathanael\Documents\Unreal Projects\Section_03\BuildingEscape\BuildingEscape.uproject" "C:\Users\Nathanael\Documents\Unreal Projects\Section_03\BuildingEscape\Intermediate\Build\Win64\BuildingEscapeEditor\Development\BuildingEscapeEditor.uhtmanifest" -LogCmds="loginit warning, logexit warning, logdatabase error" -Unattended -WarningsAsErrors -installed
[2016.12.01-21.13.01:530][ 51]CompilerResultsLog: Info Reflection code generated for BuildingEscapeEditor in 15.9860551 seconds
[2016.12.01-21.13.01:530][ 51]CompilerResultsLog: Info Performing 3 actions (4 in parallel)
[2016.12.01-21.13.01:530][ 51]CompilerResultsLog: Info OpenDoor.cpp
[2016.12.01-21.13.01:531][ 51]CompilerResultsLog: Info ObjectGrabber.cpp
[2016.12.01-21.13.01:531][ 51]CompilerResultsLog: Info [3/3] Link UE4Editor-BuildingEscape-835.dll
[2016.12.01-21.13.01:532][ 51]CompilerResultsLog: Info    Creating library C:\Users\Nathanael\Documents\Unreal Projects\Section_03\BuildingEscape\Intermediate\Build\Win64\UE4Editor\Development\UE4Editor-BuildingEscape-835.lib and object C:\Users\Nathanael\Documents\Unreal Projects\Section_03\BuildingEscape\Intermediate\Build\Win64\UE4Editor\Development\UE4Editor-BuildingEscape-835.exp
[2016.12.01-21.13.01:532][ 51]CompilerResultsLog: Info Total build time: 78.14 seconds
[2016.12.01-21.13.01:533][ 51]LogMainFrame: MainFrame: Module compiling took 79.088 seconds
[2016.12.01-21.13.02:274][ 51]LogContentBrowser: Native class hierarchy updated for 'BuildingEscape' in 0.0093 seconds. Added 5 classes and 3 folders.
[2016.12.01-21.13.02:302][ 51]Display: HotReload successful (0 functions remapped  0 scriptstructs remapped)
[2016.12.01-21.13.02:694][ 51]LogContentBrowser: Native class hierarchy populated in 0.1122 seconds. Added 2148 classes and 422 folders.
[2016.12.01-21.13.02:778][ 51]Display: HotReload took 80.5s.
[2016.12.01-21.13.26:987][334]LogBlueprintUserMessages: Early PlayInEditor Detection: Level '/Game/NewMap.NewMap:PersistentLevel' has LevelScriptBlueprint '/Game/NewMap.NewMap:PersistentLevel.NewMap' with GeneratedClass '/Game/NewMap.NewMap_C' with ClassGeneratedBy '/Game/NewMap.NewMap:PersistentLevel.NewMap'
[2016.12.01-21.13.27:019][334]LogPlayLevel: PlayLevel: No blueprints needed recompiling
[2016.12.01-21.13.27:075][334]PIE: New page: PIE session: NewMap (Dec 1, 2016, 11:13:27 AM)
[2016.12.01-21.13.27:090][334]LogPlayLevel: Creating play world package: /Game/UEDPIE_0_NewMap
[2016.12.01-21.13.27:323][334]LogPlayLevel: PIE: StaticDuplicateObject took: (0.232574s)
[2016.12.01-21.13.27:332][334]LogAIModule: Creating AISystem for world NewMap
[2016.12.01-21.13.27:366][334]LogPlayLevel: PIE: World Init took: (0.041730s)
[2016.12.01-21.13.27:387][334]LogPlayLevel: PIE: Created PIE world by copying editor world from /Game/NewMap.NewMap to /Game/UEDPIE_0_NewMap.NewMap (0.296693s)
[2016.12.01-21.13.27:453][334]LogInit: XAudio2 using 'Speaker/HP (Realtek High Definition Audio)' : 2 channels at 48 kHz using 32 bits per sample (channel mask 0x3)
[2016.12.01-21.13.27:537][334]LogInit: FAudioDevice initialized.
[2016.12.01-21.13.28:108][334]LogWorld: Game class is 'MyBuildingEscapeGameModeBP_C'
[2016.12.01-21.13.28:400][334]LogWorld: Bringing World /Game/UEDPIE_0_NewMap.NewMap up for play (max tick rate 60) at 2016.12.01-16.13.28
[2016.12.01-21.13.28:486][334]LogWorld: Bringing up level for play took: 0.096687
[2016.12.01-21.13.28:958][334]LogContentBrowser: Native class hierarchy updated for 'MovieSceneCapture' in 0.0072 seconds. Added 11 classes and 0 folders.
[2016.12.01-21.13.28:959][334]LogGameMode:Display: Match State Changed from EnteringMap to WaitingToStart
[2016.12.01-21.13.28:983][334]LogGameState: Match State Changed from EnteringMap to WaitingToStart
[2016.12.01-21.13.28:983][334]LogGameMode:Display: Match State Changed from WaitingToStart to InProgress
[2016.12.01-21.13.29:161][334]LogTemp:Warning: found Input on object DefaultPawn_BP_C_0
[2016.12.01-21.13.29:207][334]LogGameState: Match State Changed from WaitingToStart to InProgress
[2016.12.01-21.13.29:214][334]PIE: Info Play in editor start time for /Game/UEDPIE_0_NewMap 2.129
[2016.12.01-21.13.29:215][334]LogBlueprintUserMessages: Late PlayInEditor Detection: Level '/Game/NewMap.NewMap:PersistentLevel' has LevelScriptBlueprint '/Game/NewMap.NewMap:PersistentLevel.NewMap' with GeneratedClass '/Game/NewMap.NewMap_C' with ClassGeneratedBy '/Game/NewMap.NewMap:PersistentLevel.NewMap'
[2016.12.01-21.13.33:868][402]LogTemp:Warning: This plate needs 30.000000 kilos to open the door
[2016.12.01-21.13.33:885][402]LogTemp:Warning: This plate needs 30.000000 kilos to open the door
[2016.12.01-21.13.44:107][573]LogTemp:Warning: This Objects Weighs 14.999999 Kilos
[2016.12.01-21.13.47:578][632]LogTemp:Warning: This plate needs 30.000000 kilos to open the door
[2016.12.01-21.13.47:578][632]LogTemp:Warning: This plate needs 30.000000 kilos to open the door
[2016.12.01-21.13.50:798][684]LogTemp:Warning: This Objects Weighs 20.000000 Kilos
[2016.12.01-21.13.58:399][807]LogTemp:Warning: This plate needs 30.000000 kilos to open the door
[2016.12.01-21.13.58:400][807]LogTemp:Warning: This plate needs 30.000000 kilos to open the door
[2016.12.01-21.13.58:400][807]LogTemp:Warning: This plate needs 30.000000 kilos to open the door
[2016.12.01-21.14.02:308][866]LogTemp:Warning: This plate needs 30.000000 kilos to open the door
[2016.12.01-21.14.02:309][866]LogTemp:Warning: This plate needs 30.000000 kilos to open the door
[2016.12.01-21.14.02:309][866]LogTemp:Warning: This plate needs 30.000000 kilos to open the door
[2016.12.01-21.14.06:558][934]LogTemp:Warning: This plate needs 30.000000 kilos to open the door
[2016.12.01-21.14.06:559][934]LogTemp:Warning: This plate needs 30.000000 kilos to open the door
[2016.12.01-21.14.06:559][934]LogTemp:Warning: This plate needs 30.000000 kilos to open the door
[2016.12.01-21.14.11:409][  7]LogTemp:Warning: This plate needs 30.000000 kilos to open the door
[2016.12.01-21.14.11:410][  7]LogTemp:Warning: This plate needs 30.000000 kilos to open the door
[2016.12.01-21.14.11:410][  7]LogTemp:Warning: This plate needs 30.000000 kilos to open the door
[2016.12.01-21.14.12:067][ 17]LogTemp:Warning: This plate needs 30.000000 kilos to open the door
[2016.12.01-21.14.12:068][ 17]LogTemp:Warning: This plate needs 30.000000 kilos to open the door
[2016.12.01-21.14.12:068][ 17]LogTemp:Warning: This plate needs 30.000000 kilos to open the door
[2016.12.01-21.14.14:563][ 57]LogTemp:Warning: This plate needs 30.000000 kilos to open the door
[2016.12.01-21.14.14:564][ 57]LogTemp:Warning: This plate needs 30.000000 kilos to open the door
[2016.12.01-21.14.14:564][ 57]LogTemp:Warning: This plate needs 30.000000 kilos to open the door
[2016.12.01-21.14.23:831][211]LogBlueprintUserMessages: Early EndPlayMap Detection: Level '/Game/NewMap.NewMap:PersistentLevel' has LevelScriptBlueprint '/Game/NewMap.NewMap:PersistentLevel.NewMap' with GeneratedClass '/Game/NewMap.NewMap_C' with ClassGeneratedBy '/Game/NewMap.NewMap:PersistentLevel.NewMap'
[2016.12.01-21.14.24:092][211]LogBlueprintUserMessages: Late EndPlayMap Detection: Level '/Game/NewMap.NewMap:PersistentLevel' has LevelScriptBlueprint '/Game/NewMap.NewMap:PersistentLevel.NewMap' with GeneratedClass '/Game/NewMap.NewMap_C' with ClassGeneratedBy '/Game/NewMap.NewMap:PersistentLevel.NewMap'
[2016.12.01-21.15.31:571][114]Cmd: OBJ SAVEPACKAGE PACKAGE="/Game/NewMap" FILE="../../../../../../Users/Nathanael/Documents/Unreal Projects/Section_03/BuildingEscape/Content/NewMap.umap" SILENT=true AUTOSAVING=false KEEPDIRTY=false
[2016.12.01-21.15.34:542][114]LogSavePackage: Save=1898.48ms
[2016.12.01-21.15.34:543][114]LogSavePackage: Moving '../../../../../../Users/Nathanael/Documents/Unreal Projects/Section_03/BuildingEscape/Saved/NewMap641959A5448383FD21C955856E67D517.tmp' to '../../../../../../Users/Nathanael/Documents/Unreal Projects/Section_03/BuildingEscape/Content/NewMap.umap'
[2016.12.01-21.15.34:641][114]LogSavePackage:Display: Finished SavePackage ../../../../../../Users/Nathanael/Documents/Unreal Projects/Section_03/BuildingEscape/Content/NewMap.umap
[2016.12.01-21.15.34:812][114]LogFileHelpers: Saving map 'NewMap' took 3.539
[2016.12.01-21.29.20:252][939]Cmd: QUIT_EDITOR
[2016.12.01-21.29.21:408][939]LogWindowsTextInputMethodSystem:Display: IME system now deactivated.
[2016.12.01-21.29.21:409][939]LogWindowsTextInputMethodSystem:Display: IME system now deactivated.
[2016.12.01-21.29.21:492][939]LogExit: Preparing to exit.
[2016.12.01-21.29.22:244][939]LogDirectoryWatcher: A directory notification for 'C:/Users/Nathanael/Documents/Unreal Projects/Section_03/BuildingEscape/Content/' was aborted.
[2016.12.01-21.29.22:808][939]LogExit: Editor shut down
[2016.12.01-21.29.22:813][939]LogExit: Transaction tracking system shut down
[2016.12.01-21.29.27:227][939]LogObj: Freed 0b from 0 cluster array pools.
[2016.12.01-21.29.27:228][939]LogExit: Object subsystem successfully closed.
[2016.12.01-21.29.27:749][939]LogD3D11RHI: Shutdown
[2016.12.01-21.29.27:749][939]LogD3D11RHI: CleanupD3DDevice
[2016.12.01-21.29.28:358][939]LogD3D11RHI: ~FD3D11DynamicRHI
[2016.12.01-21.29.30:166][939]LogModuleManager: Shutting down and abandoning module MovieSceneCapture (235)
[2016.12.01-21.29.30:167][939]LogModuleManager: Shutting down and abandoning module HierarchicalLODOutliner (234)
[2016.12.01-21.29.30:197][939]LogModuleManager: Shutting down and abandoning module CrashTracker (233)
[2016.12.01-21.29.30:225][939]LogModuleManager: Shutting down and abandoning module WidgetCarousel (232)
[2016.12.01-21.29.30:225][939]LogModuleManager: Shutting down and abandoning module AddContentDialog (231)
[2016.12.01-21.29.30:333][939]LogDirectoryWatcher: A directory notification for 'C:/Program Files (x86)/Epic Games/4.13/FeaturePacks/' was aborted.
[2016.12.01-21.29.30:379][939]LogModuleManager: Shutting down and abandoning module GameplayTags (230)
[2016.12.01-21.29.30:380][939]LogModuleManager: Shutting down and abandoning module EditorWidgets (229)
[2016.12.01-21.29.30:380][939]LogModuleManager: Shutting down and abandoning module CollectionManager (228)
[2016.12.01-21.29.30:422][939]LogDirectoryWatcher: A directory notification for 'C:/Users/Nathanael/Documents/Unreal Projects/Section_03/BuildingEscape/Content/Collections/' was aborted.
[2016.12.01-21.29.30:423][939]LogDirectoryWatcher: A directory notification for 'C:/Users/Nathanael/Documents/Unreal Projects/Section_03/BuildingEscape/Content/Developers/Nathanael/Collections/' was aborted.
[2016.12.01-21.29.30:423][939]LogDirectoryWatcher: A directory notification for 'C:/Users/Nathanael/Documents/Unreal Projects/Section_03/BuildingEscape/Saved/Collections/' was aborted.
[2016.12.01-21.29.30:423][939]LogModuleManager: Shutting down and abandoning module SceneOutliner (227)
[2016.12.01-21.29.30:423][939]LogModuleManager: Shutting down and abandoning module StatsViewer (226)
[2016.12.01-21.29.30:574][939]LogModuleManager: Shutting down and abandoning module FoliageEdit (225)
[2016.12.01-21.29.30:633][939]LogModuleManager: Shutting down and abandoning module LandscapeEditor (224)
[2016.12.01-21.29.30:843][939]LogModuleManager: Shutting down and abandoning module SceneDepthPickerMode (223)
[2016.12.01-21.29.30:843][939]LogModuleManager: Shutting down and abandoning module ActorPickerMode (222)
[2016.12.01-21.29.30:843][939]LogModuleManager: Shutting down and abandoning module GeometryMode (221)
[2016.12.01-21.29.30:843][939]LogModuleManager: Shutting down and abandoning module TextureAlignMode (220)
[2016.12.01-21.29.30:843][939]LogModuleManager: Shutting down and abandoning module BspMode (219)
[2016.12.01-21.29.31:008][939]LogModuleManager: Shutting down and abandoning module HardwareSurvey (218)
[2016.12.01-21.29.31:045][939]LogModuleManager: Shutting down and abandoning module SequenceRecorderSections (217)
[2016.12.01-21.29.31:046][939]LogModuleManager: Shutting down and abandoning module SequenceRecorder (216)
[2016.12.01-21.29.31:254][939]LogModuleManager: Shutting down and abandoning module AutomationWorker (215)
[2016.12.01-21.29.31:274][939]LogModuleManager: Shutting down and abandoning module MatineeToLevelSequence (214)
[2016.12.01-21.29.31:288][939]LogModuleManager: Shutting down and abandoning module PlacementMode (213)
[2016.12.01-21.29.31:322][939]LogModuleManager: Shutting down and abandoning module LevelSequenceEditor (212)
[2016.12.01-21.29.31:399][939]LogModuleManager: Shutting down and abandoning module WmfMediaFactory (211)
[2016.12.01-21.29.31:400][939]LogModuleManager: Shutting down and abandoning module WmfMediaEditor (210)
[2016.12.01-21.29.31:400][939]LogModuleManager: Shutting down and abandoning module AvfMediaFactory (209)
[2016.12.01-21.29.31:400][939]LogModuleManager: Shutting down and abandoning module AvfMediaEditor (208)
[2016.12.01-21.29.31:400][939]LogModuleManager: Shutting down and abandoning module Media (207)
[2016.12.01-21.29.31:400][939]LogModuleManager: Shutting down and abandoning module AndroidMediaFactory (206)
[2016.12.01-21.29.31:400][939]LogModuleManager: Shutting down and abandoning module AndroidMediaEditor (205)
[2016.12.01-21.29.31:400][939]LogModuleManager: Shutting down and abandoning module CharacterAI (204)
[2016.12.01-21.29.31:400][939]LogModuleManager: Shutting down and abandoning module SmartSnapping (203)
[2016.12.01-21.29.31:400][939]LogModuleManager: Shutting down and abandoning module SessionServices (202)
[2016.12.01-21.29.31:400][939]LogModuleManager: Shutting down and abandoning module ViewportSnapping (201)
[2016.12.01-21.29.31:401][939]LogModuleManager: Shutting down and abandoning module ViewportInteraction (200)
[2016.12.01-21.29.31:401][939]LogModuleManager: Shutting down and abandoning module LogVisualizer (199)
[2016.12.01-21.29.31:468][939]LogModuleManager: Shutting down and abandoning module GameProjectGeneration (198)
[2016.12.01-21.29.31:501][939]LogModuleManager: Shutting down and abandoning module IntroTutorials (197)
[2016.12.01-21.29.31:533][939]LogModuleManager: Shutting down and abandoning module EditorLiveStreaming (196)
[2016.12.01-21.29.31:534][939]LogModuleManager: Shutting down and abandoning module IOSPlatformEditor (195)
[2016.12.01-21.29.31:549][939]LogModuleManager: Shutting down and abandoning module HTML5PlatformEditor (194)
[2016.12.01-21.29.31:550][939]LogModuleManager: Shutting down and abandoning module AndroidDeviceDetection (193)
[2016.12.01-21.29.32:590][939]LogModuleManager: Shutting down and abandoning module AndroidPlatformEditor (192)
[2016.12.01-21.29.32:613][939]LogModuleManager: Shutting down and abandoning module IOSRuntimeSettings (191)
[2016.12.01-21.29.32:613][939]LogModuleManager: Shutting down and abandoning module AndroidRuntimeSettings (190)
[2016.12.01-21.29.32:613][939]LogModuleManager: Shutting down and abandoning module NiagaraEditor (189)
[2016.12.01-21.29.32:646][939]LogModuleManager: Shutting down and abandoning module MergeActors (188)
[2016.12.01-21.29.32:684][939]LogModuleManager: Shutting down and abandoning module SizeMap (187)
[2016.12.01-21.29.32:715][939]LogModuleManager: Shutting down and abandoning module TreeMap (186)
[2016.12.01-21.29.32:755][939]LogModuleManager: Shutting down and abandoning module ReferenceViewer (185)
[2016.12.01-21.29.32:755][939]LogModuleManager: Shutting down and abandoning module LocalizationService (184)
[2016.12.01-21.29.32:792][939]LogModuleManager: Shutting down and abandoning module LocalizationDashboard (183)
[2016.12.01-21.29.32:871][939]LogModuleManager: Shutting down and abandoning module HardwareTargeting (182)
[2016.12.01-21.29.32:916][939]LogModuleManager: Shutting down and abandoning module DeviceProfileEditor (181)
[2016.12.01-21.29.32:940][939]LogModuleManager: Shutting down and abandoning module UndoHistory (180)
[2016.12.01-21.29.32:950][939]LogModuleManager: Shutting down and abandoning module UserFeedback (179)
[2016.12.01-21.29.32:950][939]LogModuleManager: Shutting down and abandoning module XmlParser (178)
[2016.12.01-21.29.32:973][939]LogModuleManager: Shutting down and abandoning module Blutility (177)
[2016.12.01-21.29.32:985][939]LogModuleManager: Shutting down and abandoning module ProjectTargetPlatformEditor (176)
[2016.12.01-21.29.33:005][939]LogModuleManager: Shutting down and abandoning module ProjectSettingsViewer (175)
[2016.12.01-21.29.33:005][939]LogModuleManager: Shutting down and abandoning module InputBindingEditor (174)
[2016.12.01-21.29.33:042][939]LogModuleManager: Shutting down and abandoning module EditorSettingsViewer (173)
[2016.12.01-21.29.33:042][939]LogModuleManager: Shutting down and abandoning module SettingsEditor (172)
[2016.12.01-21.29.33:133][939]LogModuleManager: Shutting down and abandoning module ProjectLauncher (171)
[2016.12.01-21.29.33:166][939]LogModuleManager: Shutting down and abandoning module SessionFrontend (170)
[2016.12.01-21.29.33:190][939]LogModuleManager: Shutting down and abandoning module ProfilerClient (169)
[2016.12.01-21.29.33:214][939]LogModuleManager: Shutting down and abandoning module TargetDeviceServices (168)
[2016.12.01-21.29.33:234][939]LogModuleManager: Shutting down and abandoning module DeviceManager (167)
[2016.12.01-21.29.33:312][939]LogModuleManager: Shutting down and abandoning module AutomationController (166)
[2016.12.01-21.29.33:326][939]LogModuleManager: Shutting down and abandoning module AutomationWindow (165)
[2016.12.01-21.29.33:350][939]LogModuleManager: Shutting down and abandoning module Layers (164)
[2016.12.01-21.29.33:418][939]LogModuleManager: Shutting down and abandoning module ComponentVisualizers (163)
[2016.12.01-21.29.33:418][939]LogModuleManager: Shutting down and abandoning module DetailCustomizations (162)
[2016.12.01-21.29.33:442][939]LogModuleManager: Shutting down and abandoning module PackagesDialog (161)
[2016.12.01-21.29.33:482][939]LogModuleManager: Shutting down and abandoning module AnimGraph (160)
[2016.12.01-21.29.33:511][939]LogModuleManager: Shutting down and abandoning module Persona (159)
[2016.12.01-21.29.33:656][939]LogModuleManager: Shutting down and abandoning module Kismet (158)
[2016.12.01-21.29.33:695][939]LogModuleManager: Shutting down and abandoning module GraphEditor (157)
[2016.12.01-21.29.33:798][939]LogModuleManager: Shutting down and abandoning module ClassViewer (156)
[2016.12.01-21.29.33:812][939]LogModuleManager: Shutting down and abandoning module Toolbox (155)
[2016.12.01-21.29.33:823][939]LogModuleManager: Shutting down and abandoning module ModuleUI (154)
[2016.12.01-21.29.33:849][939]LogModuleManager: Shutting down and abandoning module MovieSceneTools (153)
[2016.12.01-21.29.33:891][939]LogModuleManager: Shutting down and abandoning module OutputLog (152)
[2016.12.01-21.29.33:891][939]LogModuleManager: Shutting down and abandoning module GammaUI (151)
[2016.12.01-21.29.33:905][939]LogModuleManager: Shutting down and abandoning module Documentation (150)
[2016.12.01-21.29.33:905][939]LogModuleManager: Shutting down and abandoning module Niagara (149)
[2016.12.01-21.29.33:916][939]LogModuleManager: Shutting down and abandoning module StreamingPauseRendering (148)
[2016.12.01-21.29.33:917][939]LogModuleManager: Shutting down and abandoning module AnalyticsET (147)
[2016.12.01-21.29.33:917][939]LogModuleManager: Shutting down and abandoning module PortalServices (146)
[2016.12.01-21.29.33:917][939]LogModuleManager: Shutting down and abandoning module PortalRpc (145)
[2016.12.01-21.29.33:917][939]LogModuleManager: Shutting down and abandoning module MessagingRpc (144)
[2016.12.01-21.29.33:917][939]LogModuleManager: Shutting down and abandoning module GameplayDebugger (143)
[2016.12.01-21.29.33:942][939]LogModuleManager: Shutting down and abandoning module AITestSuite (142)
[2016.12.01-21.29.33:958][939]LogModuleManager: Shutting down and abandoning module AIModule (141)
[2016.12.01-21.29.33:991][939]LogModuleManager: Shutting down and abandoning module ProfilerService (140)
[2016.12.01-21.29.34:143][939]LogModuleManager: Shutting down and abandoning module TaskGraph (139)
[2016.12.01-21.29.34:189][939]LogModuleManager: Shutting down and abandoning module SlateRemote (138)
[2016.12.01-21.29.34:190][939]LogModuleManager: Shutting down and abandoning module SteamVRController (137)
[2016.12.01-21.29.34:190][939]LogModuleManager: Shutting down and abandoning module SteamVR (136)
[2016.12.01-21.29.34:190][939]LogModuleManager: Shutting down and abandoning module ProceduralMeshComponentEditor (135)
[2016.12.01-21.29.34:206][939]LogModuleManager: Shutting down and abandoning module ProceduralMeshComponent (134)
[2016.12.01-21.29.34:206][939]LogModuleManager: Shutting down and abandoning module OculusLibrary (133)
[2016.12.01-21.29.34:207][939]LogModuleManager: Shutting down and abandoning module OculusInput (132)
[2016.12.01-21.29.34:207][939]LogModuleManager: Shutting down and abandoning module CustomMeshComponent (131)
[2016.12.01-21.29.34:207][939]LogModuleManager: Shutting down and abandoning module CableComponent (130)
[2016.12.01-21.29.34:207][939]LogModuleManager: Shutting down and abandoning module ArchVisCharacter (129)
[2016.12.01-21.29.34:207][939]LogModuleManager: Shutting down and abandoning module MediaPlayerEditor (127)
[2016.12.01-21.29.34:342][939]LogModuleManager: Shutting down and abandoning module HTML5Networking (126)
[2016.12.01-21.29.34:342][939]LogModuleManager: Shutting down and abandoning module GeometryCacheEd (125)
[2016.12.01-21.29.34:342][939]LogModuleManager: Shutting down and abandoning module GeometryCache (124)
[2016.12.01-21.29.34:343][939]LogModuleManager: Shutting down and abandoning module AlembicLibrary (123)
[2016.12.01-21.29.34:343][939]LogModuleManager: Shutting down and abandoning module AlembicImporter (122)
[2016.12.01-21.29.34:358][939]LogModuleManager: Shutting down and abandoning module SuperSearch (121)
[2016.12.01-21.29.34:358][939]LogModuleManager: Shutting down and abandoning module SuperSearchEditor (120)
[2016.12.01-21.29.34:358][939]LogModuleManager: Shutting down and abandoning module SpeedTreeImporter (119)
[2016.12.01-21.29.34:358][939]LogModuleManager: Shutting down and abandoning module PluginBrowser (118)
[2016.12.01-21.29.34:375][939]LogModuleManager: Shutting down and abandoning module MobileLauncherProfileWizard (117)
[2016.12.01-21.29.34:401][939]LogModuleManager: Shutting down and abandoning module EpicSurvey (116)
[2016.12.01-21.29.34:427][939]LogModuleManager: Shutting down and abandoning module DesktopPlatform (115)
[2016.12.01-21.29.34:473][939]LogModuleManager: Shutting down and abandoning module VisualStudioSourceCodeAccess (114)
[2016.12.01-21.29.34:510][939]LogModuleManager: Shutting down and abandoning module UObjectPlugin (113)
[2016.12.01-21.29.34:510][939]LogModuleManager: Shutting down and abandoning module SubversionSourceControl (112)
[2016.12.01-21.29.34:529][939]LogModuleManager: Shutting down and abandoning module PerforceSourceControl (111)
[2016.12.01-21.29.34:551][939]LogModuleManager: Shutting down and abandoning module SourceControl (110)
[2016.12.01-21.29.34:594][939]LogModuleManager: Shutting down and abandoning module GitSourceControl (109)
[2016.12.01-21.29.34:623][939]LogModuleManager: Shutting down and abandoning module LightPropagationVolumeEditor (108)
[2016.12.01-21.29.34:629][939]LogModuleManager: Shutting down and abandoning module PaperTiledImporter (107)
[2016.12.01-21.29.34:651][939]LogModuleManager: Shutting down and abandoning module PaperSpriteSheetImporter (106)
[2016.12.01-21.29.34:651][939]LogModuleManager: Shutting down and abandoning module MeshPaint (105)
[2016.12.01-21.29.34:674][939]LogModuleManager: Shutting down and abandoning module FbxAutomationBuilderModule (104)
[2016.12.01-21.29.34:754][939]LogModuleManager: Shutting down and abandoning module PixelInspectorModule (103)
[2016.12.01-21.29.34:791][939]LogModuleManager: Shutting down and abandoning module HotReload (102)
[2016.12.01-21.29.34:791][939]LogDirectoryWatcher: A directory notification for 'C:/Users/Nathanael/Documents/Unreal Projects/Section_03/BuildingEscape/Binaries/Win64' was aborted.
[2016.12.01-21.29.34:839][939]LogModuleManager: Shutting down and abandoning module MainFrame (101)
[2016.12.01-21.29.34:839][939]LogModuleManager: Shutting down and abandoning module LevelEditor (100)
[2016.12.01-21.29.34:843][939]LogModuleManager: Shutting down and abandoning module ContentBrowser (99)
[2016.12.01-21.29.34:849][939]LogModuleManager: Shutting down and abandoning module Paper2DEditor (98)
[2016.12.01-21.29.35:017][939]LogModuleManager: Shutting down and abandoning module BuildingEscape (97)
[2016.12.01-21.29.35:017][939]LogModuleManager: Shutting down and abandoning module UdpMessaging (96)
[2016.12.01-21.29.35:118][939]LogModuleManager: Shutting down and abandoning module TcpMessaging (95)
[2016.12.01-21.29.35:271][939]LogModuleManager: Shutting down and abandoning module LightPropagationVolumeRuntime (94)
[2016.12.01-21.29.35:271][939]LogModuleManager: Shutting down and abandoning module Paper2D (93)
[2016.12.01-21.29.35:296][939]LogModuleManager: Shutting down and abandoning module WindowsMoviePlayer (92)
[2016.12.01-21.29.35:439][939]LogModuleManager: Shutting down and abandoning module WmfMedia (91)
[2016.12.01-21.29.35:450][939]LogModuleManager: Shutting down and abandoning module MediaAssets (90)
[2016.12.01-21.29.35:450][939]LogModuleManager: Shutting down and abandoning module GameLiveStreaming (89)
[2016.12.01-21.29.35:550][939]LogModuleManager: Shutting down and abandoning module GameplayTagsEditor (88)
[2016.12.01-21.29.35:600][939]LogModuleManager: Shutting down and abandoning module VREditor (87)
[2016.12.01-21.29.35:600][939]LogModuleManager: Shutting down and abandoning module GameplayTasksEditor (86)
[2016.12.01-21.29.35:600][939]LogModuleManager: Shutting down and abandoning module PropertyEditor (85)
[2016.12.01-21.29.35:693][939]LogModuleManager: Shutting down and abandoning module BehaviorTreeEditor (84)
[2016.12.01-21.29.35:856][939]LogModuleManager: Shutting down and abandoning module FunctionalTesting (83)
[2016.12.01-21.29.35:856][939]LogModuleManager: Shutting down and abandoning module CollisionAnalyzer (82)
[2016.12.01-21.29.35:915][939]LogModuleManager: Shutting down and abandoning module Sequencer (81)
[2016.12.01-21.29.36:129][939]LogModuleManager: Shutting down and abandoning module WorkspaceMenuStructure (80)
[2016.12.01-21.29.36:129][939]LogModuleManager: Shutting down and abandoning module MessageLog (79)
[2016.12.01-21.29.36:129][939]LogModuleManager: Shutting down and abandoning module AssetTools (78)
[2016.12.01-21.29.36:240][939]LogModuleManager: Shutting down and abandoning module UMGEditor (77)
[2016.12.01-21.29.36:470][939]LogModuleManager: Shutting down and abandoning module UMG (76)
[2016.12.01-21.29.36:699][939]LogModuleManager: Shutting down and abandoning module SlateReflector (75)
[2016.12.01-21.29.37:162][939]LogModuleManager: Shutting down and abandoning module Slate (74)
[2016.12.01-21.29.37:162][939]LogModuleManager: Shutting down and abandoning module EditorStyle (73)
[2016.12.01-21.29.37:174][939]LogModuleManager: Shutting down and abandoning module SourceCodeAccess (72)
[2016.12.01-21.29.37:174][939]LogModuleManager: Shutting down and abandoning module HeadMountedDisplay (71)
[2016.12.01-21.29.37:174][939]LogModuleManager: Shutting down and abandoning module XAudio2 (70)
[2016.12.01-21.29.37:174][939]LogModuleManager: Shutting down and abandoning module Networking (68)
[2016.12.01-21.29.37:174][939]LogModuleManager: Shutting down and abandoning module Core (67)
[2016.12.01-21.29.37:174][939]LogModuleManager: Shutting down and abandoning module DirectoryWatcher (66)
[2016.12.01-21.29.37:174][939]LogDirectoryWatcher: A directory notification for '../../../Engine/Content/' was aborted.
[2016.12.01-21.29.37:175][939]LogDirectoryWatcher: A directory notification for '../../../../../../Users/Nathanael/Documents/Unreal Projects/Section_03/BuildingEscape/Content/' was aborted.
[2016.12.01-21.29.37:176][939]LogDirectoryWatcher: A directory notification for '../../../Engine/Plugins/2D/Paper2D/Content/' was aborted.
[2016.12.01-21.29.37:183][939]LogModuleManager: Shutting down and abandoning module AssetRegistry (65)
[2016.12.01-21.29.37:723][939]LogModuleManager: Shutting down and abandoning module KismetCompiler (64)
[2016.12.01-21.29.37:724][939]LogModuleManager: Shutting down and abandoning module PhysXFormats (63)
[2016.12.01-21.29.37:802][939]LogModuleManager: Shutting down and abandoning module MeshUtilities (62)
[2016.12.01-21.29.37:956][939]LogModuleManager: Shutting down and abandoning module DerivedDataCache (61)
[2016.12.01-21.29.38:087][939]LogDerivedDataCache: Shutdown
[2016.12.01-21.29.38:087][939]LogModuleManager: Shutting down and abandoning module VulkanShaderFormat (60)
[2016.12.01-21.29.38:206][939]LogModuleManager: Shutting down and abandoning module ShaderFormatOpenGL (59)
[2016.12.01-21.29.38:225][939]LogModuleManager: Shutting down and abandoning module ShaderFormatD3D (58)
[2016.12.01-21.29.38:269][939]LogModuleManager: Shutting down and abandoning module MetalShaderFormat (57)
[2016.12.01-21.29.38:297][939]LogModuleManager: Shutting down and abandoning module TextureFormatUncompressed (56)
[2016.12.01-21.29.38:297][939]LogModuleManager: Shutting down and abandoning module TextureFormatPVR (55)
[2016.12.01-21.29.38:318][939]LogModuleManager: Shutting down and abandoning module TextureFormatDXT (54)
[2016.12.01-21.29.38:406][939]LogModuleManager: Shutting down and abandoning module TextureFormatIntelISPCTexComp (53)
[2016.12.01-21.29.38:772][939]LogModuleManager: Shutting down and abandoning module ImageWrapper (52)
[2016.12.01-21.29.38:772][939]LogModuleManager: Shutting down and abandoning module TextureFormatASTC (51)
[2016.12.01-21.29.38:772][939]LogModuleManager: Shutting down and abandoning module TextureFormatAndroid (50)
[2016.12.01-21.29.38:772][939]LogModuleManager: Shutting down and abandoning module AudioFormatOpus (49)
[2016.12.01-21.29.38:861][939]LogModuleManager: Shutting down and abandoning module AudioFormatOgg (48)
[2016.12.01-21.29.39:000][939]LogModuleManager: Shutting down and abandoning module AudioFormatADPCM (47)
[2016.12.01-21.29.39:164][939]LogModuleManager: Shutting down and abandoning module LinuxTargetPlatform (46)
[2016.12.01-21.29.39:165][939]LogModuleManager: Shutting down and abandoning module LinuxServerTargetPlatform (45)
[2016.12.01-21.29.39:247][939]LogModuleManager: Shutting down and abandoning module LinuxNoEditorTargetPlatform (44)
[2016.12.01-21.29.39:354][939]LogModuleManager: Shutting down and abandoning module LinuxClientTargetPlatform (43)
[2016.12.01-21.29.39:384][939]LogModuleManager: Shutting down and abandoning module TVOSTargetPlatform (42)
[2016.12.01-21.29.39:385][939]LogModuleManager: Shutting down and abandoning module Messaging (41)
[2016.12.01-21.29.39:385][939]LogModuleManager: Shutting down and abandoning module IOSTargetPlatform (40)
[2016.12.01-21.29.39:385][939]LogModuleManager: Shutting down and abandoning module HTML5TargetPlatform (39)
[2016.12.01-21.29.39:385][939]LogModuleManager: Shutting down and abandoning module Android_PVRTCTargetPlatform (38)
[2016.12.01-21.29.39:385][939]LogModuleManager: Shutting down and abandoning module Android_MultiTargetPlatform (37)
[2016.12.01-21.29.39:386][939]LogModuleManager: Shutting down and abandoning module Android_ETC2TargetPlatform (36)
[2016.12.01-21.29.39:386][939]LogModuleManager: Shutting down and abandoning module Android_ETC1TargetPlatform (35)
[2016.12.01-21.29.39:386][939]LogModuleManager: Shutting down and abandoning module Android_DXTTargetPlatform (34)
[2016.12.01-21.29.39:386][939]LogModuleManager: Shutting down and abandoning module Android_ATCTargetPlatform (33)
[2016.12.01-21.29.39:386][939]LogModuleManager: Shutting down and abandoning module Android_ASTCTargetPlatform (32)
[2016.12.01-21.29.39:386][939]LogModuleManager: Shutting down and abandoning module AndroidTargetPlatform (31)
[2016.12.01-21.29.39:386][939]LogModuleManager: Shutting down and abandoning module WindowsTargetPlatform (30)
[2016.12.01-21.29.39:386][939]LogModuleManager: Shutting down and abandoning module WindowsServerTargetPlatform (29)
[2016.12.01-21.29.39:474][939]LogModuleManager: Shutting down and abandoning module WindowsNoEditorTargetPlatform (28)
[2016.12.01-21.29.39:538][939]LogModuleManager: Shutting down and abandoning module WindowsClientTargetPlatform (27)
[2016.12.01-21.29.39:589][939]LogModuleManager: Shutting down and abandoning module AllDesktopTargetPlatform (26)
[2016.12.01-21.29.39:589][939]LogModuleManager: Shutting down and abandoning module TargetPlatform (25)
[2016.12.01-21.29.39:589][939]LogModuleManager: Shutting down and abandoning module InputCore (24)
[2016.12.01-21.29.39:589][939]LogModuleManager: Shutting down and abandoning module Settings (23)
[2016.12.01-21.29.39:590][939]LogModuleManager: Shutting down and abandoning module OculusRift (22)
[2016.12.01-21.29.39:630][939]LogModuleManager: Shutting down and abandoning module GearVR (21)
[2016.12.01-21.29.39:630][939]LogModuleManager: Shutting down and abandoning module ExampleDeviceProfileSelector (20)
[2016.12.01-21.29.39:630][939]LogModuleManager: Shutting down and abandoning module OnlineBlueprintSupport (19)
[2016.12.01-21.29.39:630][939]LogModuleManager: Shutting down and abandoning module OnlineSubsystem (17)
[2016.12.01-21.29.39:691][939]LogOnline:Display: Unloading online subsystem: NULL
[2016.12.01-21.29.39:849][939]LogModuleManager: Shutting down and abandoning module HTTP (16)
[2016.12.01-21.29.39:849][939]LogHttp:Display: Http module shutting down, but needs to wait on 1 outstanding Http requests:
[2016.12.01-21.29.39:849][939]LogHttp:Display: 	verb=[POST] url=[https://datarouter.ol.epicgames.com/datarouter/api/v1/public/data?SessionID=%7BFA3517C9-4EE8-6890-0E44-CAAD48365A86%7D&AppID=UEEditor.Rocket.Release&AppVersion=4.13.2-3172292%2B%2B%2BUE4%2BRelease-4.13&UserID=cf55b3d643de3b20d615ff93475df78f%7Ca3dfd15e465a49e290e4e62a617bf7f6%7C5d1767cc-ec6f-4ef2-a1e7-ecac79b65935&AppEnvironment=datacollector-binary&UploadType=eteventstream] status=Processing
[2016.12.01-21.29.39:887][939]LogModuleManager: Shutting down and abandoning module XMPP (15)
[2016.12.01-21.29.40:088][939]LogModuleManager: Shutting down and abandoning module TextureCompressor (14)
[2016.12.01-21.29.40:513][939]LogModuleManager: Shutting down and abandoning module ShaderCore (13)
[2016.12.01-21.29.40:513][939]LogModuleManager: Shutting down and abandoning module Landscape (12)
[2016.12.01-21.29.40:513][939]LogModuleManager: Shutting down and abandoning module SlateRHIRenderer (11)
[2016.12.01-21.29.40:761][939]LogModuleManager: Shutting down and abandoning module OpenGLDrv (10)
[2016.12.01-21.29.40:874][939]LogModuleManager: Shutting down and abandoning module D3D11RHI (9)
[2016.12.01-21.29.40:874][939]LogModuleManager: Shutting down and abandoning module AnimGraphRuntime (8)
[2016.12.01-21.29.40:975][939]LogModuleManager: Shutting down and abandoning module Renderer (7)
[2016.12.01-21.29.40:975][939]LogModuleManager: Shutting down and abandoning module Engine (6)
[2016.12.01-21.29.40:975][939]LogModuleManager: Shutting down and abandoning module CoreUObject (5)
[2016.12.01-21.29.40:975][939]LogModuleManager: Shutting down and abandoning module NetworkFile (4)
[2016.12.01-21.29.41:116][939]LogModuleManager: Shutting down and abandoning module StreamingFile (3)
[2016.12.01-21.29.41:180][939]LogModuleManager: Shutting down and abandoning module SandboxFile (2)
[2016.12.01-21.29.41:244][939]LogModuleManager: Shutting down and abandoning module PakFile (1)
[2016.12.01-21.29.41:621][939]LogExit: Exiting.
[2016.12.01-21.29.41:696][939]Log file closed, 12/01/16 16:29:41
